c:\gpgametemplate-master\gpgametemplate-master\vs2015_x86\vs2015_x86\debug\vc141.pdb
c:\users\julian\documents\gamesprogrammingobjects\gamesprogramming1\vs2015_x86\debug\vc141.pdb
c:\users\julian\documents\gamesprogrammingobjects\gamesprogrammingboidswarrm\vs2015_x86\debug\vc141.pdb
c:\users\julian\documents\gamesprogrammingobjects\gamesprogrammingboidswarrm\vs2015_x86\debug\vc141.idb
c:\users\julian\documents\gamesprogrammingobjects\gamesprogrammingboidswarrm\vs2015_x86\debug\graphics.obj
c:\users\julian\documents\gamesprogrammingobjects\gamesprogrammingboidswarrm\vs2015_x86\debug\shapes.obj
c:\users\julian\documents\gamesprogrammingobjects\gamesprogrammingboidswarrm\vs2015_x86\debug\source.obj
c:\users\julian\documents\gamesprogrammingobjects\gamesprogrammingboidswarrm\vs2015_x86\debug\vector.obj
c:\users\julian\documents\gamesprogrammingobjects\gamesprogrammingboidswarrm\vs2015_x86\debug\swarm.obj
c:\gpgametemplate-master\gpgametemplate-master\vs2015_x86\debug\vs2015_x86.ilk
c:\gpgametemplate-master\gpgametemplate-master\vs2015_x86\debug\vs2015_x86.exe
c:\gpgametemplate-master\gpgametemplate-master\vs2015_x86\debug\vs2015_x86.pdb
c:\users\julian\documents\gamesprogrammingobjects\gamesprogramming1\debug\vs2015_x86.exe
c:\users\julian\documents\gamesprogrammingobjects\gamesprogramming1\debug\vs2015_x86.ilk
c:\users\julian\documents\gamesprogrammingobjects\gamesprogramming1\debug\vs2015_x86.pdb
c:\users\julian\documents\gamesprogrammingobjects\gamesprogrammingboidswarrm\debug\vs2015_x86.ilk
c:\users\julian\documents\gamesprogrammingobjects\gamesprogrammingboidswarrm\debug\vs2015_x86.exe
c:\users\julian\documents\gamesprogrammingobjects\gamesprogrammingboidswarrm\debug\vs2015_x86.pdb
c:\users\julian\documents\gamesprogrammingobjects\gamesprogrammingboidswarrm\vs2015_x86\debug\vc140.idb
c:\users\julian\documents\gamesprogrammingobjects\gamesprogrammingboidswarrm\vs2015_x86\debug\vc140.pdb
c:\users\julian\documents\gamesprogrammingobjects\gamesprogrammingboidswarrm\vs2015_x86\debug\vs2015_x86.tlog\cl.command.1.tlog
c:\users\julian\documents\gamesprogrammingobjects\gamesprogrammingboidswarrm\vs2015_x86\debug\vs2015_x86.tlog\cl.read.1.tlog
c:\users\julian\documents\gamesprogrammingobjects\gamesprogrammingboidswarrm\vs2015_x86\debug\vs2015_x86.tlog\cl.write.1.tlog
c:\users\julian\documents\gamesprogrammingobjects\gamesprogrammingboidswarrm\vs2015_x86\debug\vs2015_x86.tlog\link.13052-cvtres.read.1.tlog
c:\users\julian\documents\gamesprogrammingobjects\gamesprogrammingboidswarrm\vs2015_x86\debug\vs2015_x86.tlog\link.13052-cvtres.write.1.tlog
c:\users\julian\documents\gamesprogrammingobjects\gamesprogrammingboidswarrm\vs2015_x86\debug\vs2015_x86.tlog\link.13052-rc.read.1.tlog
c:\users\julian\documents\gamesprogrammingobjects\gamesprogrammingboidswarrm\vs2015_x86\debug\vs2015_x86.tlog\link.13052-rc.write.1.tlog
c:\users\julian\documents\gamesprogrammingobjects\gamesprogrammingboidswarrm\vs2015_x86\debug\vs2015_x86.tlog\link.13052.read.1.tlog
c:\users\julian\documents\gamesprogrammingobjects\gamesprogrammingboidswarrm\vs2015_x86\debug\vs2015_x86.tlog\link.13052.write.1.tlog
c:\users\julian\documents\gamesprogrammingobjects\gamesprogrammingboidswarrm\vs2015_x86\debug\vs2015_x86.tlog\link.command.1.tlog
c:\users\julian\documents\gamesprogrammingobjects\gamesprogrammingboidswarrm\vs2015_x86\debug\vs2015_x86.tlog\link.delete.1.tlog
c:\users\julian\documents\gamesprogrammingobjects\gamesprogrammingboidswarrm\vs2015_x86\debug\vs2015_x86.tlog\link.read.1.tlog
c:\users\julian\documents\gamesprogrammingobjects\gamesprogrammingboidswarrm\vs2015_x86\debug\vs2015_x86.tlog\link.write.1.tlog
